2022.04.15 14:06:32 INFO  tracing is disabled for protocol LSP, to enable tracing of incoming and outgoing JSON messages create an empty file at /Users/ravila/dev/blog/.metals/lsp.trace.json or /Users/ravila/Library/Caches/org.scalameta.metals/lsp.trace.json[0m
2022.04.15 14:06:32 INFO  logging to file /Users/ravila/dev/blog/.metals/metals.log[0m
2022.04.15 14:06:32 INFO  Started: Metals version 0.11.2 in workspace '/Users/ravila/dev/blog' for client Visual Studio Code 1.66.2.[0m
2022.04.15 14:06:32 INFO  Parse release: 11.0.14.1[0m
2022.04.15 14:06:35 INFO  time: initialize in 2.73s[0m
2022.04.15 14:06:35 WARN  Build server is not auto-connectable.[0m
2022.04.15 14:06:35 WARN  no build tool detected in workspace '/Users/ravila/dev/blog'. The most common cause for this problem is that the editor was opened in the wrong working directory, for example if you use sbt then the workspace directory should contain build.sbt. [0m
2022.04.15 14:06:50 INFO  no build target found for /Users/ravila/dev/blog/src_scala/nonConstructibleChange.worksheet.sc. Using presentation compiler with project's scala-library version: 3.1.1[0m
2022.04.15 14:06:51 INFO  time: code lens generation in 14s[0m
2022.04.15 14:06:54 INFO  no build target found for /Users/ravila/dev/blog/src_scala/nonConstructibleChange.worksheet.sc. Using presentation compiler with project's scala-library version: 3.1.1[0m
2022.04.15 14:06:54 INFO  time: evaluated worksheet 'nonConstructibleChange.worksheet.sc' in 17s[0m
Apr 15, 2022 2:08:59 PM org.eclipse.lsp4j.jsonrpc.services.GenericEndpoint notify
INFO: Unsupported notification method: $/setTrace
Apr 15, 2022 2:09:00 PM org.eclipse.lsp4j.jsonrpc.services.GenericEndpoint notify
INFO: Unsupported notification method: $/setTrace
Apr 15, 2022 2:09:06 PM org.eclipse.lsp4j.jsonrpc.services.GenericEndpoint notify
INFO: Unsupported notification method: $/setTrace
Apr 15, 2022 2:09:09 PM org.eclipse.lsp4j.jsonrpc.services.GenericEndpoint notify
INFO: Unsupported notification method: $/setTrace
Apr 15, 2022 2:09:12 PM org.eclipse.lsp4j.jsonrpc.services.GenericEndpoint notify
INFO: Unsupported notification method: $/setTrace
[31merror[39m: src_scala/nonConstructibleChange.worksheet.sc:1:5: Procedure syntax is not supported. Convert procedure `nonConstructibleChange` to method by adding `: Unit =`.
def nonConstructibleChange(coins: List[Int])
    ^^^^^^^^^^^^^^^^^^^^^^
2022.04.15 14:09:50 INFO  time: evaluated worksheet 'nonConstructibleChange.worksheet.sc' in 0.59s[0m
2022.04.15 14:10:08 INFO  time: evaluated worksheet 'nonConstructibleChange.worksheet.sc' in 0.44s[0m
2022.04.15 14:10:20 INFO  time: evaluated worksheet 'nonConstructibleChange.worksheet.sc' in 0.38s[0m
2022.04.15 14:10:24 INFO  time: evaluated worksheet 'nonConstructibleChange.worksheet.sc' in 0.33s[0m
2022.04.15 14:15:29 INFO  time: evaluated worksheet 'nonConstructibleChange.worksheet.sc' in 0.41s[0m
2022.04.15 14:16:09 INFO  time: evaluated worksheet 'nonConstructibleChange.worksheet.sc' in 0.28s[0m
2022.04.15 14:16:10 INFO  time: evaluated worksheet 'nonConstructibleChange.worksheet.sc' in 0.31s[0m
2022.04.15 14:16:10 INFO  time: evaluated worksheet 'nonConstructibleChange.worksheet.sc' in 0.23s[0m
2022.04.15 14:16:17 ERROR scalafmt: /Users/ravila/dev/blog/.scalafmt.conf: Invalid config: 3 errors
[E0] Presets$: top-level presets removed since v3.0.0; use 'indentOperator.preset = "spray"' instead
[E1] Presets$: top-level presets removed since v3.0.0; use 'danglingParentheses.preset = true' instead
[E2] /Users/ravila/dev/blog/.scalafmt.conf:12:0 error: found option 'alwaysBeforeTopLevelStatements' which wasn't expected, or isn't valid in this context.
newlines.alwaysBeforeTopLevelStatements = true
^

[0m
2022.04.15 14:18:15 INFO  time: evaluated worksheet 'nonConstructibleChange.worksheet.sc' in 0.33s[0m
2022.04.15 14:18:49 INFO  time: evaluated worksheet 'nonConstructibleChange.worksheet.sc' in 0.63s[0m
2022.04.15 14:19:00 INFO  time: evaluated worksheet 'nonConstructibleChange.worksheet.sc' in 0.38s[0m
2022.04.15 14:19:07 INFO  time: evaluated worksheet 'nonConstructibleChange.worksheet.sc' in 0.4s[0m
[31merror[39m: src_scala/nonConstructibleChange.worksheet.sc:7:30: 
Not found: sorted
    case h :: t => helper(1, sorted)
                             ^^^^^^
2022.04.15 14:19:20 INFO  time: evaluated worksheet 'nonConstructibleChange.worksheet.sc' in 0.2s[0m
2022.04.15 14:19:26 INFO  time: evaluated worksheet 'nonConstructibleChange.worksheet.sc' in 0.38s[0m
2022.04.15 14:19:47 INFO  time: evaluated worksheet 'nonConstructibleChange.worksheet.sc' in 0.39s[0m
2022.04.15 14:20:00 INFO  time: evaluated worksheet 'nonConstructibleChange.worksheet.sc' in 0.34s[0m
Downloading https://repo1.maven.org/maven2/org/typelevel/cats-core_3/2.3.0/cats-core_3-2.3.0.pom
Downloaded https://repo1.maven.org/maven2/org/typelevel/cats-core_3/2.3.0/cats-core_3-2.3.0.pom
Downloading https://repo1.maven.org/maven2/org/typelevel/cats-core_3/2.3.0/cats-core_3-2.3.0.pom.sha1
Downloaded https://repo1.maven.org/maven2/org/typelevel/cats-core_3/2.3.0/cats-core_3-2.3.0.pom.sha1
2022.04.15 14:24:50 ERROR Error downloading org.typelevel:cats-core_3:2.3.0
  not found: /Users/ravila/.ivy2/local/org.typelevel/cats-core_3/2.3.0/ivys/ivy.xml
  not found: https://repo1.maven.org/maven2/org/typelevel/cats-core_3/2.3.0/cats-core_3-2.3.0.pom[0m
2022.04.15 14:24:50 INFO  time: evaluated worksheet 'nonConstructibleChange.worksheet.sc' in 0.44s[0m
Downloading https://repo1.maven.org/maven2/org/typelevel/cats-core_3/2.7.0/cats-core_3-2.7.0.pom
Downloaded https://repo1.maven.org/maven2/org/typelevel/cats-core_3/2.7.0/cats-core_3-2.7.0.pom
Downloading https://repo1.maven.org/maven2/org/typelevel/simulacrum-scalafix-annotations_3/0.5.4/simulacrum-scalafix-annotations_3-0.5.4.pom
Downloading https://repo1.maven.org/maven2/org/scala-lang/scala3-library_3/3.0.2/scala3-library_3-3.0.2.pom
Downloading https://repo1.maven.org/maven2/org/typelevel/cats-kernel_3/2.7.0/cats-kernel_3-2.7.0.pom
Downloaded https://repo1.maven.org/maven2/org/typelevel/simulacrum-scalafix-annotations_3/0.5.4/simulacrum-scalafix-annotations_3-0.5.4.pom
Downloaded https://repo1.maven.org/maven2/org/typelevel/cats-kernel_3/2.7.0/cats-kernel_3-2.7.0.pom
Downloaded https://repo1.maven.org/maven2/org/scala-lang/scala3-library_3/3.0.2/scala3-library_3-3.0.2.pom
Downloading https://repo1.maven.org/maven2/org/typelevel/simulacrum-scalafix-annotations_3/0.5.4/simulacrum-scalafix-annotations_3-0.5.4.jar
Downloading https://repo1.maven.org/maven2/org/typelevel/cats-core_3/2.7.0/cats-core_3-2.7.0.jar
Downloading https://repo1.maven.org/maven2/org/scala-lang/scala3-library_3/3.0.2/scala3-library_3-3.0.2.jar
Downloading https://repo1.maven.org/maven2/org/typelevel/cats-kernel_3/2.7.0/cats-kernel_3-2.7.0.jar
Downloaded https://repo1.maven.org/maven2/org/typelevel/simulacrum-scalafix-annotations_3/0.5.4/simulacrum-scalafix-annotations_3-0.5.4.jar
Downloaded https://repo1.maven.org/maven2/org/scala-lang/scala3-library_3/3.0.2/scala3-library_3-3.0.2.jar
Downloaded https://repo1.maven.org/maven2/org/typelevel/cats-kernel_3/2.7.0/cats-kernel_3-2.7.0.jar
Downloaded https://repo1.maven.org/maven2/org/typelevel/cats-core_3/2.7.0/cats-core_3-2.7.0.jar
2022.04.15 14:26:32 INFO  no build target found for /Users/ravila/dev/blog/src_scala/nonConstructibleChange.worksheet.sc. Using presentation compiler with project's scala-library version: 3.1.1[0m
2022.04.15 14:26:32 INFO  time: evaluated worksheet 'nonConstructibleChange.worksheet.sc' in 4.56s[0m
Apr 15, 2022 2:33:58 PM org.eclipse.lsp4j.jsonrpc.services.GenericEndpoint notify
INFO: Unsupported notification method: $/setTrace
Apr 15, 2022 2:34:07 PM org.eclipse.lsp4j.jsonrpc.services.GenericEndpoint notify
INFO: Unsupported notification method: $/setTrace
Apr 15, 2022 2:35:35 PM org.eclipse.lsp4j.jsonrpc.services.GenericEndpoint notify
INFO: Unsupported notification method: $/setTrace
2022.04.15 14:36:21 INFO  time: evaluated worksheet 'nonConstructibleChange.worksheet.sc' in 0.34s[0m
2022.04.15 14:36:30 INFO  time: evaluated worksheet 'nonConstructibleChange.worksheet.sc' in 0.33s[0m
2022.04.15 14:37:23 INFO  time: evaluated worksheet 'nonConstructibleChange.worksheet.sc' in 0.3s[0m
2022.04.15 14:37:51 INFO  time: evaluated worksheet 'nonConstructibleChange.worksheet.sc' in 0.29s[0m
Apr 15, 2022 2:38:01 PM org.eclipse.lsp4j.jsonrpc.services.GenericEndpoint notify
INFO: Unsupported notification method: $/setTrace
Apr 15, 2022 2:38:02 PM org.eclipse.lsp4j.jsonrpc.services.GenericEndpoint notify
INFO: Unsupported notification method: $/setTrace
Apr 15, 2022 2:38:03 PM org.eclipse.lsp4j.jsonrpc.services.GenericEndpoint notify
INFO: Unsupported notification method: $/setTrace
2022.04.15 14:38:06 INFO  time: evaluated worksheet 'nonConstructibleChange.worksheet.sc' in 0.31s[0m
2022.04.15 14:38:07 INFO  time: evaluated worksheet 'nonConstructibleChange.worksheet.sc' in 0.37s[0m
Apr 15, 2022 2:38:19 PM org.eclipse.lsp4j.jsonrpc.services.GenericEndpoint notify
INFO: Unsupported notification method: $/setTrace
2022.04.15 14:38:19 ERROR scalafmt: /Users/ravila/dev/blog/src_scala/nonConstructibleChange.worksheet.sc:12: error: [dialect scala3] illegal start of simple pattern
    case           => helper(1, coins.sorted)
                   ^[0m
[31merror[39m: src_scala/nonConstructibleChange.worksheet.sc:12:20: illegal start of simple pattern
    case           => helper(1, coins.sorted)
                   ^^
2022.04.15 14:38:21 INFO  no build target found for /Users/ravila/dev/blog/src_scala/nonConstructibleChange.worksheet.sc. Using presentation compiler with project's scala-library version: 3.1.1[0m
2022.04.15 14:38:21 INFO  time: evaluated worksheet 'nonConstructibleChange.worksheet.sc' in 1.44s[0m
Apr 15, 2022 2:38:21 PM org.eclipse.lsp4j.jsonrpc.services.GenericEndpoint notify
INFO: Unsupported notification method: $/setTrace
2022.04.15 14:38:22 ERROR scalafmt: /Users/ravila/dev/blog/src_scala/nonConstructibleChange.worksheet.sc:12: error: [dialect scala3] illegal start of simple pattern
    case           => helper(1, coins.sorted)
                   ^[0m
[31merror[39m: src_scala/nonConstructibleChange.worksheet.sc:12:20: illegal start of simple pattern
    case           => helper(1, coins.sorted)
                   ^^
2022.04.15 14:38:23 INFO  time: evaluated worksheet 'nonConstructibleChange.worksheet.sc' in 0.17s[0m
2022.04.15 14:38:28 INFO  no build target found for /Users/ravila/dev/blog/src_scala/nonConstructibleChange.worksheet.sc. Using presentation compiler with project's scala-library version: 3.1.1[0m
2022.04.15 14:38:28 INFO  time: evaluated worksheet 'nonConstructibleChange.worksheet.sc' in 1.65s[0m
2022.04.15 14:38:43 INFO  time: evaluated worksheet 'nonConstructibleChange.worksheet.sc' in 0.24s[0m
2022.04.15 14:38:51 INFO  time: evaluated worksheet 'nonConstructibleChange.worksheet.sc' in 0.27s[0m
2022.04.15 14:40:13 INFO  time: evaluated worksheet 'nonConstructibleChange.worksheet.sc' in 0.24s[0m
2022.04.15 14:41:07 INFO  time: evaluated worksheet 'nonConstructibleChange.worksheet.sc' in 0.23s[0m
2022.04.15 14:41:21 INFO  time: evaluated worksheet 'nonConstructibleChange.worksheet.sc' in 0.31s[0m
2022.04.15 14:41:51 INFO  time: evaluated worksheet 'nonConstructibleChange.worksheet.sc' in 0.25s[0m
2022.04.15 14:42:08 INFO  time: evaluated worksheet 'nonConstructibleChange.worksheet.sc' in 0.25s[0m
[31merror[39m: src_scala/nonConstructibleChange.worksheet.sc:3:54: 
Found:    Unit
Required: Int
def nonConstructibleChange1(coins: List[Int]): Int = {}
                                                     ^^
2022.04.15 14:57:08 INFO  time: evaluated worksheet 'nonConstructibleChange.worksheet.sc' in 0.16s[0m
[31merror[39m: src_scala/nonConstructibleChange.worksheet.sc:6:13: 
Not found: coin
  val max = coin.max
            ^^^^
2022.04.15 14:57:27 INFO  time: evaluated worksheet 'nonConstructibleChange.worksheet.sc' in 0.14s[0m
2022.04.15 14:57:30 INFO  time: evaluated worksheet 'nonConstructibleChange.worksheet.sc' in 0.26s[0m
2022.04.15 14:58:09 INFO  time: evaluated worksheet 'nonConstructibleChange.worksheet.sc' in 0.35s[0m
2022.04.15 14:58:56 INFO  time: evaluated worksheet 'nonConstructibleChange.worksheet.sc' in 0.27s[0m
2022.04.15 15:00:38 INFO  time: evaluated worksheet 'nonConstructibleChange.worksheet.sc' in 0.31s[0m
2022.04.15 15:01:06 INFO  time: evaluated worksheet 'nonConstructibleChange.worksheet.sc' in 0.39s[0m
2022.04.15 15:01:45 INFO  time: evaluated worksheet 'nonConstructibleChange.worksheet.sc' in 0.29s[0m
2022.04.15 15:05:37 INFO  time: evaluated worksheet 'nonConstructibleChange.worksheet.sc' in 0.25s[0m
2022.04.15 15:06:07 INFO  time: evaluated worksheet 'nonConstructibleChange.worksheet.sc' in 0.32s[0m
2022.04.15 15:06:17 INFO  time: evaluated worksheet 'nonConstructibleChange.worksheet.sc' in 0.25s[0m
2022.04.15 15:06:33 INFO  time: evaluated worksheet 'nonConstructibleChange.worksheet.sc' in 0.26s[0m
[31merror[39m: src_scala/nonConstructibleChange.worksheet.sc:13:7: 
missing argument for parameter coins of method helper: (prev: Int, current: Int, max: Int, coins: Vector[Int]): Int
      helper(min, min + 1, max)
      ^^^^^^^^^^^^^^^^^^^^^^^^^
2022.04.15 15:07:23 INFO  time: evaluated worksheet 'nonConstructibleChange.worksheet.sc' in 0.14s[0m
[31merror[39m: src_scala/nonConstructibleChange.worksheet.sc:13:33: 
Found:    List[Int]
Required: Vector[Int]
      helper(min, min + 1, max, coins.drop(1))
                                ^^^^^^^^^^^^^
2022.04.15 15:08:13 INFO  time: evaluated worksheet 'nonConstructibleChange.worksheet.sc' in 0.14s[0m
2022.04.15 15:08:25 ERROR scalafmt: /Users/ravila/dev/blog/src_scala/nonConstructibleChange.worksheet.sc:13: error: [dialect scala3] illegal start of simple expression
      helper(min, min + 1, max, )
                                ^[0m
[31merror[39m: src_scala/nonConstructibleChange.worksheet.sc:13:33: illegal start of simple expression
      helper(min, min + 1, max, )
                                ^
2022.04.15 15:08:26 INFO  no build target found for /Users/ravila/dev/blog/src_scala/nonConstructibleChange.worksheet.sc. Using presentation compiler with project's scala-library version: 3.1.1[0m
2022.04.15 15:08:26 INFO  time: evaluated worksheet 'nonConstructibleChange.worksheet.sc' in 1.53s[0m
2022.04.15 15:09:19 INFO  no build target found for /Users/ravila/dev/blog/src_scala/nonConstructibleChange.worksheet.sc. Using presentation compiler with project's scala-library version: 3.1.1[0m
2022.04.15 15:09:19 INFO  time: evaluated worksheet 'nonConstructibleChange.worksheet.sc' in 1.73s[0m
2022.04.15 15:09:24 INFO  time: evaluated worksheet 'nonConstructibleChange.worksheet.sc' in 0.31s[0m
2022.04.15 15:43:14 INFO  time: evaluated worksheet 'nonConstructibleChange.worksheet.sc' in 0.28s[0m
2022.04.15 15:46:29 INFO  time: evaluated worksheet 'nonConstructibleChange.worksheet.sc' in 0.27s[0m
[31merror[39m: src_scala/nonConstructibleChange.worksheet.sc:36:1: 
value -= is not a member of Vector[Int] - did you mean Vector[Int].!=?
coins.toVector -= 5
^^^^^^^^^^^^^^^^^
2022.04.15 15:46:46 INFO  time: evaluated worksheet 'nonConstructibleChange.worksheet.sc' in 0.22s[0m
2022.04.15 15:48:35 INFO  time: evaluated worksheet 'nonConstructibleChange.worksheet.sc' in 0.28s[0m
2022.04.15 15:48:46 INFO  time: evaluated worksheet 'nonConstructibleChange.worksheet.sc' in 0.27s[0m
Apr 15, 2022 3:50:22 PM org.eclipse.lsp4j.jsonrpc.RemoteEndpoint handleCancellation
WARNING: Unmatched cancel notification for request id 3342
[31merror[39m: src_scala/nonConstructibleChange.worksheet.sc:14:33: 
Found:    (coins : collection.mutable.ArrayBuffer[Int])
Required: Vector[Int]
      helper(min, min + 1, max, coins)
                                ^^^^^
2022.04.15 15:50:22 INFO  time: evaluated worksheet 'nonConstructibleChange.worksheet.sc' in 0.23s[0m
[31merror[39m: src_scala/nonConstructibleChange.worksheet.sc:14:33: 
Found:    (coins : collection.mutable.ArrayBuffer[Int])
Required: Vector[Int]
      helper(min, min + 1, max, coins)
                                ^^^^^
2022.04.15 15:50:22 INFO  time: evaluated worksheet 'nonConstructibleChange.worksheet.sc' in 0.17s[0m
[31merror[39m: src_scala/nonConstructibleChange.worksheet.sc:14:33: 
Found:    scala.collection.mutable.ArrayBuffer[Int]
Required: Vector[Int]
      helper(min, min + 1, max, ArrayBuffer.from(coins))
                                ^^^^^^^^^^^^^^^^^^^^^^^
2022.04.15 15:50:29 INFO  time: evaluated worksheet 'nonConstructibleChange.worksheet.sc' in 0.17s[0m
2022.04.15 15:50:46 INFO  time: evaluated worksheet 'nonConstructibleChange.worksheet.sc' in 0.3s[0m
2022.04.15 15:52:02 INFO  time: evaluated worksheet 'nonConstructibleChange.worksheet.sc' in 0.3s[0m
2022.04.15 15:52:08 INFO  time: evaluated worksheet 'nonConstructibleChange.worksheet.sc' in 0.26s[0m
2022.04.15 15:52:11 INFO  time: evaluated worksheet 'nonConstructibleChange.worksheet.sc' in 0.27s[0m
2022.04.15 15:53:05 INFO  time: evaluated worksheet 'nonConstructibleChange.worksheet.sc' in 0.24s[0m
2022.04.15 15:53:32 INFO  time: evaluated worksheet 'nonConstructibleChange.worksheet.sc' in 0.31s[0m
2022.04.15 15:54:06 INFO  time: evaluated worksheet 'nonConstructibleChange.worksheet.sc' in 0.24s[0m
2022.04.15 15:54:40 INFO  time: evaluated worksheet 'nonConstructibleChange.worksheet.sc' in 0.27s[0m
2022.04.15 15:55:30 INFO  time: evaluated worksheet 'nonConstructibleChange.worksheet.sc' in 0.27s[0m
2022.04.15 15:56:10 INFO  time: evaluated worksheet 'nonConstructibleChange.worksheet.sc' in 0.35s[0m
2022.04.15 15:59:45 INFO  time: evaluated worksheet 'nonConstructibleChange.worksheet.sc' in 0.3s[0m
2022.04.15 15:59:59 INFO  time: evaluated worksheet 'nonConstructibleChange.worksheet.sc' in 0.25s[0m
2022.04.15 16:00:04 INFO  time: evaluated worksheet 'nonConstructibleChange.worksheet.sc' in 0.3s[0m
2022.04.15 16:03:04 INFO  time: evaluated worksheet 'nonConstructibleChange.worksheet.sc' in 0.39s[0m
2022.04.15 16:03:11 INFO  time: evaluated worksheet 'nonConstructibleChange.worksheet.sc' in 0.28s[0m
2022.04.15 16:03:18 INFO  time: evaluated worksheet 'nonConstructibleChange.worksheet.sc' in 0.31s[0m
2022.04.15 16:03:25 INFO  time: evaluated worksheet 'nonConstructibleChange.worksheet.sc' in 0.27s[0m
2022.04.15 16:03:44 INFO  time: evaluated worksheet 'nonConstructibleChange.worksheet.sc' in 0.3s[0m
2022.04.15 16:04:29 INFO  time: evaluated worksheet 'nonConstructibleChange.worksheet.sc' in 0.33s[0m
2022.04.15 16:04:44 INFO  time: evaluated worksheet 'nonConstructibleChange.worksheet.sc' in 0.22s[0m
2022.04.15 16:04:58 INFO  time: evaluated worksheet 'nonConstructibleChange.worksheet.sc' in 0.26s[0m
2022.04.19 18:12:53 INFO  time: evaluated worksheet 'nonConstructibleChange.worksheet.sc' in 0.45s[0m
Apr 19, 2022 8:46:45 PM org.eclipse.lsp4j.jsonrpc.services.GenericEndpoint notify
INFO: Unsupported notification method: $/setTrace
2022.04.19 20:48:49 INFO  time: evaluated worksheet 'nonConstructibleChange.worksheet.sc' in 0.37s[0m
2022.04.19 20:48:49 INFO  time: evaluated worksheet 'nonConstructibleChange.worksheet.sc' in 0.28s[0m
2022.04.19 20:49:36 INFO  time: evaluated worksheet 'nonConstructibleChange.worksheet.sc' in 0.3s[0m
[31merror[39m: src_scala/nonConstructibleChange.worksheet.sc:29:31: 
missing argument for parameter coins of method helper: (n: Int, coins: List[Int]): Int
    if coins.contains(n) then helper(n + 1)
                              ^^^^^^^^^^^^^
2022.04.19 20:53:31 INFO  time: evaluated worksheet 'nonConstructibleChange.worksheet.sc' in 0.17s[0m
2022.04.19 20:53:38 INFO  time: evaluated worksheet 'nonConstructibleChange.worksheet.sc' in 0.26s[0m
2022.04.20 11:29:16 INFO  time: evaluated worksheet 'nonConstructibleChange.worksheet.sc' in 0.73s[0m
2022.04.20 11:29:20 INFO  shutting down Metals[0m
2022.04.20 18:52:44 INFO  tracing is disabled for protocol LSP, to enable tracing of incoming and outgoing JSON messages create an empty file at /Users/ravila/dev/blog/.metals/lsp.trace.json or /Users/ravila/Library/Caches/org.scalameta.metals/lsp.trace.json
2022.04.20 18:52:44 INFO  logging to file /Users/ravila/dev/blog/.metals/metals.log
2022.04.20 18:52:44 INFO  Started: Metals version 0.11.2 in workspace '/Users/ravila/dev/blog' for client Visual Studio Code 1.66.2.
2022.04.20 18:52:44 INFO  Parse release: 11.0.14.1
2022.04.20 18:52:46 INFO  time: initialize in 2.01s
2022.04.20 18:52:47 WARN  Build server is not auto-connectable.
2022.04.20 18:52:47 WARN  no build tool detected in workspace '/Users/ravila/dev/blog'. The most common cause for this problem is that the editor was opened in the wrong working directory, for example if you use sbt then the workspace directory should contain build.sbt. 
2022.04.20 18:52:53 INFO  no build target found for /Users/ravila/dev/blog/src_scala/nonConstructibleChange.worksheet.sc. Using presentation compiler with project's scala-library version: 3.1.1
2022.04.20 18:52:56 INFO  time: code lens generation in 6.36s
2022.04.20 18:52:57 INFO  no build target found for /Users/ravila/dev/blog/src_scala/nonConstructibleChange.worksheet.sc. Using presentation compiler with project's scala-library version: 3.1.1
2022.04.20 18:52:57 INFO  time: evaluated worksheet 'nonConstructibleChange.worksheet.sc' in 8.17s
Apr 20, 2022 6:54:49 PM org.eclipse.lsp4j.jsonrpc.services.GenericEndpoint notify
INFO: Unsupported notification method: $/setTrace
2022.04.20 18:58:46 ERROR scalafmt: /Users/ravila/dev/blog/src_scala/nonConstructibleChange.worksheet.sc:38: error: [dialect scala3] <- expected but } found
          for {i in list} {
                        ^
[31merror[39m: src_scala/nonConstructibleChange.worksheet.sc:38:25: <- expected but } found
          for {i in list} {
                        ^
2022.04.20 18:58:48 INFO  no build target found for /Users/ravila/dev/blog/src_scala/nonConstructibleChange.worksheet.sc. Using presentation compiler with project's scala-library version: 3.1.1
2022.04.20 18:58:48 INFO  time: evaluated worksheet 'nonConstructibleChange.worksheet.sc' in 1.99s
[31merror[39m: src_scala/nonConstructibleChange.worksheet.sc:1:8: 
value Erasure is not a member of scala.reflect.internal.transform - did you mean transform.Erasure?
import scala.reflect.internal.transform.Erasure.scalaErasure
       ^^^^^^^^^^^^^^^^^^^^^^^^^^^^^^^^^^^^^^^^
2022.04.20 18:59:04 INFO  no build target found for /Users/ravila/dev/blog/src_scala/nonConstructibleChange.worksheet.sc. Using presentation compiler with project's scala-library version: 3.1.1
2022.04.20 18:59:04 INFO  time: evaluated worksheet 'nonConstructibleChange.worksheet.sc' in 1.96s
Apr 20, 2022 6:59:10 PM org.eclipse.lsp4j.jsonrpc.RemoteEndpoint handleNotification
WARNING: Notification threw an exception: {
  "jsonrpc": "2.0",
  "method": "textDocument/didChange",
  "params": {
    "textDocument": {
      "version": 175,
      "uri": "file:///Users/ravila/dev/blog/src_scala/nonConstructibleChange.worksheet.sc"
    },
    "contentChanges": [
      {
        "text": "\nimport scala.collection.mutable.ArrayBuffer\nimport $dep.`org.typelevel::cats-core:2.7.0`\n\ndef nonConstructibleChange1(coins: Vector[Int]): Int \u003d {\n\n  def helper(\n    prev: Int,\n    current: Int,\n    max: Int,\n    coins: ArrayBuffer[Int]\n  ): Int \u003d {\n    val x \u003d current - prev\n    ???\n  }\n\n  if coins.isEmpty then 1\n  else\n    val total \u003d coins.sum\n    val min   \u003d coins.min\n    val max   \u003d total - 1\n    if min \u003e 1 then 1\n    else helper(min, 1, max, ArrayBuffer.from(coins))\n}\n\ndef nonConstructibleChange(coins: List[Int]): Int \u003d {\n\n  import scala.util.control.Breaks.*\n\n  def helper(n: Int, coins: List[Int]): Int \u003d {\n\n    if coins.contains(n) then helper(n + 1, coins)\n    else\n\n      LazyList.from(coins.permutations).find { list \u003d\u003e\n        var acc \u003d 0\n        breakable {\n          for { i \u003c- list } {\n            acc \u003d acc + i\n          }\n        }\n\n        ???\n      }\n\n    ???\n  }\n\n  val sortedCoins \u003d coins.sorted\n\n  sortedCoins match {\n    case Nil             \u003d\u003e 1\n    case h :: _ if h \u003e 1 \u003d\u003e 1\n    case _               \u003d\u003e helper(2, sortedCoins)\n  }\n}\n\nnonConstructibleChange(List.empty) \u003d\u003d 1\nnonConstructibleChange(List(2)) \u003d\u003d 1\n\nval coins \u003d List(2, 5, 3)\n\n// nonConstructibleChange(coins)\n"
      }
    ]
  }
}
java.lang.RuntimeException: java.lang.reflect.InvocationTargetException
	at org.eclipse.lsp4j.jsonrpc.services.GenericEndpoint.lambda$null$0(GenericEndpoint.java:67)
	at org.eclipse.lsp4j.jsonrpc.services.GenericEndpoint.notify(GenericEndpoint.java:152)
	at org.eclipse.lsp4j.jsonrpc.RemoteEndpoint.handleNotification(RemoteEndpoint.java:220)
	at org.eclipse.lsp4j.jsonrpc.RemoteEndpoint.consume(RemoteEndpoint.java:187)
	at org.eclipse.lsp4j.jsonrpc.json.StreamMessageProducer.handleMessage(StreamMessageProducer.java:194)
	at org.eclipse.lsp4j.jsonrpc.json.StreamMessageProducer.listen(StreamMessageProducer.java:94)
	at org.eclipse.lsp4j.jsonrpc.json.ConcurrentMessageProcessor.run(ConcurrentMessageProcessor.java:113)
	at java.base/java.util.concurrent.Executors$RunnableAdapter.call(Executors.java:515)
	at java.base/java.util.concurrent.FutureTask.run(FutureTask.java:264)
	at java.base/java.util.concurrent.ThreadPoolExecutor.runWorker(ThreadPoolExecutor.java:1128)
	at java.base/java.util.concurrent.ThreadPoolExecutor$Worker.run(ThreadPoolExecutor.java:628)
	at java.base/java.lang.Thread.run(Thread.java:829)
Caused by: java.lang.reflect.InvocationTargetException
	at jdk.internal.reflect.GeneratedMethodAccessor4.invoke(Unknown Source)
	at java.base/jdk.internal.reflect.DelegatingMethodAccessorImpl.invoke(DelegatingMethodAccessorImpl.java:43)
	at java.base/java.lang.reflect.Method.invoke(Method.java:566)
	at org.eclipse.lsp4j.jsonrpc.services.GenericEndpoint.lambda$null$0(GenericEndpoint.java:65)
	... 11 more
Caused by: java.lang.IllegalArgumentException: -1 is not a valid offset, allowed [0..1204]
	at scala.meta.internal.inputs.InternalInput.offsetToLine(InternalInput.scala:48)
	at scala.meta.internal.inputs.InternalInput.offsetToLine$(InternalInput.scala:42)
	at scala.meta.inputs.Input$VirtualFile.offsetToLine(Input.scala:80)
	at scala.meta.inputs.Position$Range.startLine(Position.scala:37)
	at scala.meta.internal.mtags.CommonMtagsEnrichments$XtensionMetaPosition.toLSP(CommonMtagsEnrichments.scala:95)
	at scala.meta.internal.parsing.TokenEditDistance$Diff.toRevised(TokenEditDistance.scala:227)
	at scala.meta.internal.metals.Diagnostics.toFreshDiagnostic(Diagnostics.scala:233)
	at scala.meta.internal.metals.Diagnostics.$anonfun$publishDiagnostics$3(Diagnostics.scala:201)
	at scala.meta.internal.metals.Diagnostics.$anonfun$publishDiagnostics$3$adapted(Diagnostics.scala:200)
	at scala.collection.Iterator.foreach(Iterator.scala:943)
	at scala.collection.Iterator.foreach$(Iterator.scala:943)
	at scala.collection.AbstractIterator.foreach(Iterator.scala:1431)
	at scala.collection.IterableLike.foreach(IterableLike.scala:74)
	at scala.collection.IterableLike.foreach$(IterableLike.scala:73)
	at scala.collection.AbstractIterable.foreach(Iterable.scala:56)
	at scala.meta.internal.metals.Diagnostics.publishDiagnostics(Diagnostics.scala:200)
	at scala.meta.internal.metals.Diagnostics.publishDiagnostics(Diagnostics.scala:164)
	at scala.meta.internal.metals.Diagnostics.didChange(Diagnostics.scala:112)
	at scala.meta.internal.metals.MetalsLanguageServer.didChange(MetalsLanguageServer.scala:1193)
	... 15 more

2022.04.20 18:59:11 INFO  time: evaluated worksheet 'nonConstructibleChange.worksheet.sc' in 0.66s
2022.04.20 19:00:07 INFO  time: evaluated worksheet 'nonConstructibleChange.worksheet.sc' in 0.56s
2022.04.20 19:01:23 INFO  time: evaluated worksheet 'nonConstructibleChange.worksheet.sc' in 0.52s
2022.04.20 19:01:23 INFO  time: evaluated worksheet 'nonConstructibleChange.worksheet.sc' in 0.53s
[31merror[39m: src_scala/nonConstructibleChange.worksheet.sc:42:8: 
Found:    Unit
Required: Int
      }
       ^
2022.04.20 19:02:19 INFO  time: evaluated worksheet 'nonConstructibleChange.worksheet.sc' in 0.26s
2022.04.20 19:03:52 INFO  time: evaluated worksheet 'nonConstructibleChange.worksheet.sc' in 0.54s
2022.04.20 19:04:34 INFO  time: evaluated worksheet 'nonConstructibleChange.worksheet.sc' in 0.45s
2022.04.20 19:04:59 INFO  time: evaluated worksheet 'nonConstructibleChange.worksheet.sc' in 0.5s
2022.04.20 19:05:14 INFO  time: evaluated worksheet 'nonConstructibleChange.worksheet.sc' in 0.5s
2022.04.20 19:05:32 INFO  no build target found for /Users/ravila/dev/blog/src_scala/nonConstructibleChange.worksheet.sc. Using presentation compiler with project's scala-library version: 3.1.1
2022.04.20 19:05:32 INFO  time: evaluated worksheet 'nonConstructibleChange.worksheet.sc' in 1.81s
2022.04.20 19:05:42 INFO  time: evaluated worksheet 'nonConstructibleChange.worksheet.sc' in 0.44s
Apr 20, 2022 7:06:39 PM org.eclipse.lsp4j.jsonrpc.RemoteEndpoint handleNotification
WARNING: Notification threw an exception: {
  "jsonrpc": "2.0",
  "method": "metals/didFocusTextDocument",
  "params": [
    "untitled:Untitled-1"
  ]
}
java.lang.RuntimeException: java.lang.reflect.InvocationTargetException
	at org.eclipse.lsp4j.jsonrpc.services.GenericEndpoint.lambda$null$0(GenericEndpoint.java:67)
	at org.eclipse.lsp4j.jsonrpc.services.GenericEndpoint.notify(GenericEndpoint.java:152)
	at org.eclipse.lsp4j.jsonrpc.RemoteEndpoint.handleNotification(RemoteEndpoint.java:220)
	at org.eclipse.lsp4j.jsonrpc.RemoteEndpoint.consume(RemoteEndpoint.java:187)
	at org.eclipse.lsp4j.jsonrpc.json.StreamMessageProducer.handleMessage(StreamMessageProducer.java:194)
	at org.eclipse.lsp4j.jsonrpc.json.StreamMessageProducer.listen(StreamMessageProducer.java:94)
	at org.eclipse.lsp4j.jsonrpc.json.ConcurrentMessageProcessor.run(ConcurrentMessageProcessor.java:113)
	at java.base/java.util.concurrent.Executors$RunnableAdapter.call(Executors.java:515)
	at java.base/java.util.concurrent.FutureTask.run(FutureTask.java:264)
	at java.base/java.util.concurrent.ThreadPoolExecutor.runWorker(ThreadPoolExecutor.java:1128)
	at java.base/java.util.concurrent.ThreadPoolExecutor$Worker.run(ThreadPoolExecutor.java:628)
	at java.base/java.lang.Thread.run(Thread.java:829)
Caused by: java.lang.reflect.InvocationTargetException
	at java.base/jdk.internal.reflect.NativeMethodAccessorImpl.invoke0(Native Method)
	at java.base/jdk.internal.reflect.NativeMethodAccessorImpl.invoke(NativeMethodAccessorImpl.java:62)
	at java.base/jdk.internal.reflect.DelegatingMethodAccessorImpl.invoke(DelegatingMethodAccessorImpl.java:43)
	at java.base/java.lang.reflect.Method.invoke(Method.java:566)
	at org.eclipse.lsp4j.jsonrpc.services.GenericEndpoint.lambda$null$0(GenericEndpoint.java:65)
	... 11 more
Caused by: java.nio.file.FileSystemNotFoundException: Provider "untitled" not installed
	at java.base/java.nio.file.Path.of(Path.java:212)
	at java.base/java.nio.file.Paths.get(Paths.java:97)
	at scala.meta.internal.metals.MetalsEnrichments$XtensionURI.toAbsolutePath(MetalsEnrichments.scala:559)
	at scala.meta.internal.metals.MetalsEnrichments$XtensionString.toAbsolutePath(MetalsEnrichments.scala:630)
	at scala.meta.internal.metals.MetalsEnrichments$XtensionString.toAbsolutePath(MetalsEnrichments.scala:621)
	at scala.meta.internal.metals.MetalsLanguageServer.didFocus(MetalsLanguageServer.scala:1118)
	... 16 more

[31merror[39m: src_scala/nonConstructibleChange.worksheet.sc:27:2: 
Found:    Unit
Required: Int
}
 ^
2022.04.20 19:06:50 INFO  time: evaluated worksheet 'nonConstructibleChange.worksheet.sc' in 0.22s
Apr 20, 2022 7:06:52 PM org.eclipse.lsp4j.jsonrpc.RemoteEndpoint handleNotification
WARNING: Notification threw an exception: {
  "jsonrpc": "2.0",
  "method": "metals/didFocusTextDocument",
  "params": [
    "untitled:Untitled-1"
  ]
}
java.lang.RuntimeException: java.lang.reflect.InvocationTargetException
	at org.eclipse.lsp4j.jsonrpc.services.GenericEndpoint.lambda$null$0(GenericEndpoint.java:67)
	at org.eclipse.lsp4j.jsonrpc.services.GenericEndpoint.notify(GenericEndpoint.java:152)
	at org.eclipse.lsp4j.jsonrpc.RemoteEndpoint.handleNotification(RemoteEndpoint.java:220)
	at org.eclipse.lsp4j.jsonrpc.RemoteEndpoint.consume(RemoteEndpoint.java:187)
	at org.eclipse.lsp4j.jsonrpc.json.StreamMessageProducer.handleMessage(StreamMessageProducer.java:194)
	at org.eclipse.lsp4j.jsonrpc.json.StreamMessageProducer.listen(StreamMessageProducer.java:94)
	at org.eclipse.lsp4j.jsonrpc.json.ConcurrentMessageProcessor.run(ConcurrentMessageProcessor.java:113)
	at java.base/java.util.concurrent.Executors$RunnableAdapter.call(Executors.java:515)
	at java.base/java.util.concurrent.FutureTask.run(FutureTask.java:264)
	at java.base/java.util.concurrent.ThreadPoolExecutor.runWorker(ThreadPoolExecutor.java:1128)
	at java.base/java.util.concurrent.ThreadPoolExecutor$Worker.run(ThreadPoolExecutor.java:628)
	at java.base/java.lang.Thread.run(Thread.java:829)
Caused by: java.lang.reflect.InvocationTargetException
	at java.base/jdk.internal.reflect.NativeMethodAccessorImpl.invoke0(Native Method)
	at java.base/jdk.internal.reflect.NativeMethodAccessorImpl.invoke(NativeMethodAccessorImpl.java:62)
	at java.base/jdk.internal.reflect.DelegatingMethodAccessorImpl.invoke(DelegatingMethodAccessorImpl.java:43)
	at java.base/java.lang.reflect.Method.invoke(Method.java:566)
	at org.eclipse.lsp4j.jsonrpc.services.GenericEndpoint.lambda$null$0(GenericEndpoint.java:65)
	... 11 more
Caused by: java.nio.file.FileSystemNotFoundException: Provider "untitled" not installed
	at java.base/java.nio.file.Path.of(Path.java:212)
	at java.base/java.nio.file.Paths.get(Paths.java:97)
	at scala.meta.internal.metals.MetalsEnrichments$XtensionURI.toAbsolutePath(MetalsEnrichments.scala:559)
	at scala.meta.internal.metals.MetalsEnrichments$XtensionString.toAbsolutePath(MetalsEnrichments.scala:630)
	at scala.meta.internal.metals.MetalsEnrichments$XtensionString.toAbsolutePath(MetalsEnrichments.scala:621)
	at scala.meta.internal.metals.MetalsLanguageServer.didFocus(MetalsLanguageServer.scala:1118)
	... 16 more

[31merror[39m: src_scala/nonConstructibleChange.worksheet.sc:31:39: 
Not found: sortedCoins
    case _               => helper(2, sortedCoins)
                                      ^^^^^^^^^^^
2022.04.20 19:07:09 INFO  time: evaluated worksheet 'nonConstructibleChange.worksheet.sc' in 0.18s
[31merror[39m: src_scala/nonConstructibleChange.worksheet.sc:31:41: 
Not found: sortedCoins
    case _                 => helper(2, sortedCoins)
                                        ^^^^^^^^^^^
2022.04.20 19:07:13 INFO  time: evaluated worksheet 'nonConstructibleChange.worksheet.sc' in 0.19s
2022.04.20 19:07:15 INFO  time: evaluated worksheet 'nonConstructibleChange.worksheet.sc' in 0.32s
2022.04.20 19:07:45 INFO  time: evaluated worksheet 'nonConstructibleChange.worksheet.sc' in 0.31s
2022.04.20 19:07:55 INFO  time: evaluated worksheet 'nonConstructibleChange.worksheet.sc' in 0.39s
2022.04.20 19:08:50 INFO  time: evaluated worksheet 'nonConstructibleChange.worksheet.sc' in 0.41s
Apr 20, 2022 7:15:17 PM org.eclipse.lsp4j.jsonrpc.RemoteEndpoint handleNotification
WARNING: Notification threw an exception: {
  "jsonrpc": "2.0",
  "method": "metals/didFocusTextDocument",
  "params": [
    "untitled:Untitled-1"
  ]
}
java.lang.RuntimeException: java.lang.reflect.InvocationTargetException
	at org.eclipse.lsp4j.jsonrpc.services.GenericEndpoint.lambda$null$0(GenericEndpoint.java:67)
	at org.eclipse.lsp4j.jsonrpc.services.GenericEndpoint.notify(GenericEndpoint.java:152)
	at org.eclipse.lsp4j.jsonrpc.RemoteEndpoint.handleNotification(RemoteEndpoint.java:220)
	at org.eclipse.lsp4j.jsonrpc.RemoteEndpoint.consume(RemoteEndpoint.java:187)
	at org.eclipse.lsp4j.jsonrpc.json.StreamMessageProducer.handleMessage(StreamMessageProducer.java:194)
	at org.eclipse.lsp4j.jsonrpc.json.StreamMessageProducer.listen(StreamMessageProducer.java:94)
	at org.eclipse.lsp4j.jsonrpc.json.ConcurrentMessageProcessor.run(ConcurrentMessageProcessor.java:113)
	at java.base/java.util.concurrent.Executors$RunnableAdapter.call(Executors.java:515)
	at java.base/java.util.concurrent.FutureTask.run(FutureTask.java:264)
	at java.base/java.util.concurrent.ThreadPoolExecutor.runWorker(ThreadPoolExecutor.java:1128)
	at java.base/java.util.concurrent.ThreadPoolExecutor$Worker.run(ThreadPoolExecutor.java:628)
	at java.base/java.lang.Thread.run(Thread.java:829)
Caused by: java.lang.reflect.InvocationTargetException
	at java.base/jdk.internal.reflect.NativeMethodAccessorImpl.invoke0(Native Method)
	at java.base/jdk.internal.reflect.NativeMethodAccessorImpl.invoke(NativeMethodAccessorImpl.java:62)
	at java.base/jdk.internal.reflect.DelegatingMethodAccessorImpl.invoke(DelegatingMethodAccessorImpl.java:43)
	at java.base/java.lang.reflect.Method.invoke(Method.java:566)
	at org.eclipse.lsp4j.jsonrpc.services.GenericEndpoint.lambda$null$0(GenericEndpoint.java:65)
	... 11 more
Caused by: java.nio.file.FileSystemNotFoundException: Provider "untitled" not installed
	at java.base/java.nio.file.Path.of(Path.java:212)
	at java.base/java.nio.file.Paths.get(Paths.java:97)
	at scala.meta.internal.metals.MetalsEnrichments$XtensionURI.toAbsolutePath(MetalsEnrichments.scala:559)
	at scala.meta.internal.metals.MetalsEnrichments$XtensionString.toAbsolutePath(MetalsEnrichments.scala:630)
	at scala.meta.internal.metals.MetalsEnrichments$XtensionString.toAbsolutePath(MetalsEnrichments.scala:621)
	at scala.meta.internal.metals.MetalsLanguageServer.didFocus(MetalsLanguageServer.scala:1118)
	... 16 more

2022.04.20 19:15:30 INFO  no build target found for /Users/ravila/dev/blog/src_scala/nonConstructibleChange.worksheet.sc. Using presentation compiler with project's scala-library version: 3.1.1
2022.04.20 19:15:30 INFO  time: evaluated worksheet 'nonConstructibleChange.worksheet.sc' in 1.79s
Apr 20, 2022 7:15:33 PM org.eclipse.lsp4j.jsonrpc.RemoteEndpoint handleCancellation
WARNING: Unmatched cancel notification for request id 1621
2022.04.20 19:15:44 INFO  time: evaluated worksheet 'nonConstructibleChange.worksheet.sc' in 0.51s
Apr 20, 2022 7:15:45 PM org.eclipse.lsp4j.jsonrpc.RemoteEndpoint handleCancellation
WARNING: Unmatched cancel notification for request id 1695
[31merror[39m: src_scala/nonConstructibleChange.worksheet.sc:48:60: 
Not found: type Monoid
def foldWhile[A](fa: List[A], f: A => Boolean)(implicit A: Monoid[A]): A
                                                           ^^^^^^
[31merror[39m: src_scala/nonConstructibleChange.worksheet.sc:48:5: 
Declaration of method foldWhile not allowed here: only classes can have declared but undefined members
def foldWhile[A](fa: List[A], f: A => Boolean)(implicit A: Monoid[A]): A
    ^
2022.04.20 19:17:19 INFO  time: evaluated worksheet 'nonConstructibleChange.worksheet.sc' in 0.67s
[31merror[39m: src_scala/nonConstructibleChange.worksheet.sc:49:5: 
Declaration of method foldWhile not allowed here: only classes can have declared but undefined members
def foldWhile[A](fa: List[A], f: A => Boolean)(implicit A: Monoid[A]): A
    ^
2022.04.20 19:17:26 INFO  time: evaluated worksheet 'nonConstructibleChange.worksheet.sc' in 0.59s
2022.04.20 19:17:31 INFO  time: evaluated worksheet 'nonConstructibleChange.worksheet.sc' in 0.43s
2022.04.20 19:17:40 INFO  time: evaluated worksheet 'nonConstructibleChange.worksheet.sc' in 0.45s
2022.04.20 19:18:56 INFO  time: evaluated worksheet 'nonConstructibleChange.worksheet.sc' in 0.47s
[31merror[39m: src_scala/nonConstructibleChange.worksheet.sc:57:2: 
Found:    Unit
Required: A
}
 ^
2022.04.20 19:19:10 INFO  time: evaluated worksheet 'nonConstructibleChange.worksheet.sc' in 0.59s
[31merror[39m: src_scala/nonConstructibleChange.worksheet.sc:57:2: 
Found:    Unit
Required: A
}
 ^
2022.04.20 19:19:31 INFO  time: evaluated worksheet 'nonConstructibleChange.worksheet.sc' in 0.6s
Apr 20, 2022 7:25:28 PM org.eclipse.lsp4j.jsonrpc.RemoteEndpoint handleNotification
WARNING: Notification threw an exception: {
  "jsonrpc": "2.0",
  "method": "metals/didFocusTextDocument",
  "params": [
    "untitled:Untitled-1"
  ]
}
java.lang.RuntimeException: java.lang.reflect.InvocationTargetException
	at org.eclipse.lsp4j.jsonrpc.services.GenericEndpoint.lambda$null$0(GenericEndpoint.java:67)
	at org.eclipse.lsp4j.jsonrpc.services.GenericEndpoint.notify(GenericEndpoint.java:152)
	at org.eclipse.lsp4j.jsonrpc.RemoteEndpoint.handleNotification(RemoteEndpoint.java:220)
	at org.eclipse.lsp4j.jsonrpc.RemoteEndpoint.consume(RemoteEndpoint.java:187)
	at org.eclipse.lsp4j.jsonrpc.json.StreamMessageProducer.handleMessage(StreamMessageProducer.java:194)
	at org.eclipse.lsp4j.jsonrpc.json.StreamMessageProducer.listen(StreamMessageProducer.java:94)
	at org.eclipse.lsp4j.jsonrpc.json.ConcurrentMessageProcessor.run(ConcurrentMessageProcessor.java:113)
	at java.base/java.util.concurrent.Executors$RunnableAdapter.call(Executors.java:515)
	at java.base/java.util.concurrent.FutureTask.run(FutureTask.java:264)
	at java.base/java.util.concurrent.ThreadPoolExecutor.runWorker(ThreadPoolExecutor.java:1128)
	at java.base/java.util.concurrent.ThreadPoolExecutor$Worker.run(ThreadPoolExecutor.java:628)
	at java.base/java.lang.Thread.run(Thread.java:829)
Caused by: java.lang.reflect.InvocationTargetException
	at java.base/jdk.internal.reflect.NativeMethodAccessorImpl.invoke0(Native Method)
	at java.base/jdk.internal.reflect.NativeMethodAccessorImpl.invoke(NativeMethodAccessorImpl.java:62)
	at java.base/jdk.internal.reflect.DelegatingMethodAccessorImpl.invoke(DelegatingMethodAccessorImpl.java:43)
	at java.base/java.lang.reflect.Method.invoke(Method.java:566)
	at org.eclipse.lsp4j.jsonrpc.services.GenericEndpoint.lambda$null$0(GenericEndpoint.java:65)
	... 11 more
Caused by: java.nio.file.FileSystemNotFoundException: Provider "untitled" not installed
	at java.base/java.nio.file.Path.of(Path.java:212)
	at java.base/java.nio.file.Paths.get(Paths.java:97)
	at scala.meta.internal.metals.MetalsEnrichments$XtensionURI.toAbsolutePath(MetalsEnrichments.scala:559)
	at scala.meta.internal.metals.MetalsEnrichments$XtensionString.toAbsolutePath(MetalsEnrichments.scala:630)
	at scala.meta.internal.metals.MetalsEnrichments$XtensionString.toAbsolutePath(MetalsEnrichments.scala:621)
	at scala.meta.internal.metals.MetalsLanguageServer.didFocus(MetalsLanguageServer.scala:1118)
	... 16 more

2022.04.20 19:25:34 INFO  no build target found for /Users/ravila/dev/blog/src_scala/nonConstructibleChange.worksheet.sc. Using presentation compiler with project's scala-library version: 3.1.1
2022.04.20 19:25:34 INFO  time: evaluated worksheet 'nonConstructibleChange.worksheet.sc' in 1.62s
2022.04.20 19:25:45 INFO  no build target found for /Users/ravila/dev/blog/src_scala/nonConstructibleChange.worksheet.sc. Using presentation compiler with project's scala-library version: 3.1.1
2022.04.20 19:25:45 INFO  time: evaluated worksheet 'nonConstructibleChange.worksheet.sc' in 1.66s
2022.04.20 19:25:48 INFO  time: evaluated worksheet 'nonConstructibleChange.worksheet.sc' in 0.5s
2022.04.20 19:25:57 INFO  time: evaluated worksheet 'nonConstructibleChange.worksheet.sc' in 1.07s
2022.04.20 19:26:05 INFO  time: evaluated worksheet 'nonConstructibleChange.worksheet.sc' in 0.43s
2022.04.20 19:26:19 INFO  time: evaluated worksheet 'nonConstructibleChange.worksheet.sc' in 0.45s
2022.04.20 19:27:07 INFO  time: evaluated worksheet 'nonConstructibleChange.worksheet.sc' in 0.8s
2022.04.20 19:28:47 INFO  time: evaluated worksheet 'nonConstructibleChange.worksheet.sc' in 0.85s
[31merror[39m: src_scala/nonConstructibleChange.worksheet.sc:33:9: 
Not found: breakable
        breakable {
        ^^^^^^^^^
[31merror[39m: src_scala/nonConstructibleChange.worksheet.sc:36:30: 
Not found: break
            if acc >= n then break
                             ^^^^^
2022.04.20 19:29:05 INFO  time: evaluated worksheet 'nonConstructibleChange.worksheet.sc' in 0.59s
[31merror[39m: src_scala/nonConstructibleChange.worksheet.sc:31:52: 
Found:    Unit
Required: Boolean
      LazyList.from(coins.permutations).find { list =>
                                                   ^
2022.04.20 19:29:15 INFO  time: evaluated worksheet 'nonConstructibleChange.worksheet.sc' in 0.54s
2022.04.20 19:30:09 INFO  time: evaluated worksheet 'nonConstructibleChange.worksheet.sc' in 0.81s
Apr 20, 2022 7:34:41 PM org.eclipse.lsp4j.jsonrpc.RemoteEndpoint handleNotification
WARNING: Notification threw an exception: {
  "jsonrpc": "2.0",
  "method": "metals/didFocusTextDocument",
  "params": [
    "untitled:Untitled-1"
  ]
}
java.lang.RuntimeException: java.lang.reflect.InvocationTargetException
	at org.eclipse.lsp4j.jsonrpc.services.GenericEndpoint.lambda$null$0(GenericEndpoint.java:67)
	at org.eclipse.lsp4j.jsonrpc.services.GenericEndpoint.notify(GenericEndpoint.java:152)
	at org.eclipse.lsp4j.jsonrpc.RemoteEndpoint.handleNotification(RemoteEndpoint.java:220)
	at org.eclipse.lsp4j.jsonrpc.RemoteEndpoint.consume(RemoteEndpoint.java:187)
	at org.eclipse.lsp4j.jsonrpc.json.StreamMessageProducer.handleMessage(StreamMessageProducer.java:194)
	at org.eclipse.lsp4j.jsonrpc.json.StreamMessageProducer.listen(StreamMessageProducer.java:94)
	at org.eclipse.lsp4j.jsonrpc.json.ConcurrentMessageProcessor.run(ConcurrentMessageProcessor.java:113)
	at java.base/java.util.concurrent.Executors$RunnableAdapter.call(Executors.java:515)
	at java.base/java.util.concurrent.FutureTask.run(FutureTask.java:264)
	at java.base/java.util.concurrent.ThreadPoolExecutor.runWorker(ThreadPoolExecutor.java:1128)
	at java.base/java.util.concurrent.ThreadPoolExecutor$Worker.run(ThreadPoolExecutor.java:628)
	at java.base/java.lang.Thread.run(Thread.java:829)
Caused by: java.lang.reflect.InvocationTargetException
	at java.base/jdk.internal.reflect.NativeMethodAccessorImpl.invoke0(Native Method)
	at java.base/jdk.internal.reflect.NativeMethodAccessorImpl.invoke(NativeMethodAccessorImpl.java:62)
	at java.base/jdk.internal.reflect.DelegatingMethodAccessorImpl.invoke(DelegatingMethodAccessorImpl.java:43)
	at java.base/java.lang.reflect.Method.invoke(Method.java:566)
	at org.eclipse.lsp4j.jsonrpc.services.GenericEndpoint.lambda$null$0(GenericEndpoint.java:65)
	... 11 more
Caused by: java.nio.file.FileSystemNotFoundException: Provider "untitled" not installed
	at java.base/java.nio.file.Path.of(Path.java:212)
	at java.base/java.nio.file.Paths.get(Paths.java:97)
	at scala.meta.internal.metals.MetalsEnrichments$XtensionURI.toAbsolutePath(MetalsEnrichments.scala:559)
	at scala.meta.internal.metals.MetalsEnrichments$XtensionString.toAbsolutePath(MetalsEnrichments.scala:630)
	at scala.meta.internal.metals.MetalsEnrichments$XtensionString.toAbsolutePath(MetalsEnrichments.scala:621)
	at scala.meta.internal.metals.MetalsLanguageServer.didFocus(MetalsLanguageServer.scala:1118)
	... 16 more

[31merror[39m: src_scala/nonConstructibleChange.worksheet.sc:33:30: 
Not found: list
        .find(foldWhile[Int](list, _ <= n) == n) match
                             ^^^^
2022.04.20 19:35:23 INFO  time: evaluated worksheet 'nonConstructibleChange.worksheet.sc' in 0.65s
[31merror[39m: src_scala/nonConstructibleChange.worksheet.sc:33:30: 
Not found: list
        .find(foldWhile[Int](list, _ <= n) == n) match
                             ^^^^
2022.04.20 19:35:25 INFO  time: evaluated worksheet 'nonConstructibleChange.worksheet.sc' in 0.62s
2022.04.20 19:35:32 INFO  time: evaluated worksheet 'nonConstructibleChange.worksheet.sc' in 0.76s
[31merror[39m: src_scala/nonConstructibleChange.worksheet.sc:39:40: 
postfix operator `<=` needs to be enabled
by making the implicit value scala.language.postfixOps visible.
----
This can be achieved by adding the import clause 'import scala.language.postfixOps'
or by setting the compiler option -language:postfixOps.
See the Scaladoc for value scala.language.postfixOps for a discussion
why the feature needs to be explicitly enabled.
        val acc = foldWhile[Int](list, _ <=)
                                       ^
2022.04.20 19:36:23 INFO  time: evaluated worksheet 'nonConstructibleChange.worksheet.sc' in 0.57s
2022.04.20 19:36:43 INFO  time: evaluated worksheet 'nonConstructibleChange.worksheet.sc' in 0.71s
Apr 21, 2022 10:49:44 AM org.eclipse.lsp4j.jsonrpc.services.GenericEndpoint notify
INFO: Unsupported notification method: $/setTrace
Apr 21, 2022 10:49:50 AM org.eclipse.lsp4j.jsonrpc.services.GenericEndpoint notify
INFO: Unsupported notification method: $/setTrace
2022.04.21 10:55:16 INFO  time: evaluated worksheet 'nonConstructibleChange.worksheet.sc' in 1.17s
2022.04.21 10:55:51 INFO  time: evaluated worksheet 'nonConstructibleChange.worksheet.sc' in 0.92s
2022.04.21 10:56:21 INFO  time: evaluated worksheet 'nonConstructibleChange.worksheet.sc' in 0.98s
2022.04.21 10:57:21 INFO  time: evaluated worksheet 'nonConstructibleChange.worksheet.sc' in 0.92s
2022.04.21 10:57:56 INFO  time: evaluated worksheet 'nonConstructibleChange.worksheet.sc' in 0.88s
2022.04.21 10:58:45 INFO  time: evaluated worksheet 'nonConstructibleChange.worksheet.sc' in 0.83s
2022.04.21 10:59:22 INFO  time: evaluated worksheet 'nonConstructibleChange.worksheet.sc' in 0.86s
2022.04.21 10:59:57 INFO  time: evaluated worksheet 'nonConstructibleChange.worksheet.sc' in 0.87s
2022.04.21 11:00:22 INFO  time: evaluated worksheet 'nonConstructibleChange.worksheet.sc' in 0.86s
2022.04.21 11:00:36 INFO  time: evaluated worksheet 'nonConstructibleChange.worksheet.sc' in 0.83s
2022.04.21 11:00:56 INFO  time: evaluated worksheet 'nonConstructibleChange.worksheet.sc' in 0.85s
2022.04.21 11:01:15 INFO  time: evaluated worksheet 'nonConstructibleChange.worksheet.sc' in 0.92s
2022.04.21 11:02:59 INFO  time: evaluated worksheet 'nonConstructibleChange.worksheet.sc' in 1m19s
2022.04.21 11:02:59 WARN  thread interrupt: Evaluating Worksheet nonConstructibleChange.worksheet.sc
2022.04.21 11:03:07 INFO  time: evaluated worksheet 'nonConstructibleChange.worksheet.sc' in 1.16s
2022.04.21 11:06:58 INFO  time: evaluated worksheet 'nonConstructibleChange.worksheet.sc' in 1.04s
2022.04.21 11:07:32 INFO  shutting down Metals
2022.04.21 16:15:57 INFO  tracing is disabled for protocol LSP, to enable tracing of incoming and outgoing JSON messages create an empty file at /Users/ravila/dev/blog/.metals/lsp.trace.json or /Users/ravila/Library/Caches/org.scalameta.metals/lsp.trace.json
2022.04.21 16:15:57 INFO  logging to file /Users/ravila/dev/blog/.metals/metals.log
2022.04.21 16:15:57 INFO  Started: Metals version 0.11.2 in workspace '/Users/ravila/dev/blog' for client Visual Studio Code 1.66.2.
2022.04.21 16:15:57 INFO  Parse release: 11.0.14.1
2022.04.21 16:15:59 INFO  time: initialize in 2.15s
2022.04.21 16:16:00 WARN  Build server is not auto-connectable.
2022.04.21 16:16:00 WARN  no build tool detected in workspace '/Users/ravila/dev/blog'. The most common cause for this problem is that the editor was opened in the wrong working directory, for example if you use sbt then the workspace directory should contain build.sbt. 
2022.04.21 16:16:05 INFO  no build target found for /Users/ravila/dev/blog/src_scala/nonConstructibleChange.worksheet.sc. Using presentation compiler with project's scala-library version: 3.1.1
2022.04.21 16:16:07 INFO  time: code lens generation in 4.86s
2022.04.21 16:16:11 INFO  no build target found for /Users/ravila/dev/blog/src_scala/nonConstructibleChange.worksheet.sc. Using presentation compiler with project's scala-library version: 3.1.1
2022.04.21 16:16:11 INFO  time: evaluated worksheet 'nonConstructibleChange.worksheet.sc' in 9.32s
2022.04.21 16:16:13 INFO  time: evaluated worksheet 'nonConstructibleChange.worksheet.sc' in 1.77s
2022.04.21 16:40:54 INFO  time: evaluated worksheet 'nonConstructibleChange.worksheet.sc' in 25s
2022.04.21 16:40:54 WARN  thread interrupt: Evaluating Worksheet nonConstructibleChange.worksheet.sc
2022.04.21 16:41:07 INFO  time: evaluated worksheet 'nonConstructibleChange.worksheet.sc' in 1.32s
2022.04.21 16:41:54 INFO  shutting down Metals
2022.04.21 18:20:53 INFO  tracing is disabled for protocol LSP, to enable tracing of incoming and outgoing JSON messages create an empty file at /Users/ravila/dev/blog/.metals/lsp.trace.json or /Users/ravila/Library/Caches/org.scalameta.metals/lsp.trace.json
2022.04.21 18:20:54 INFO  logging to file /Users/ravila/dev/blog/.metals/metals.log
2022.04.21 18:20:54 INFO  Started: Metals version 0.11.2 in workspace '/Users/ravila/dev/blog' for client Visual Studio Code 1.66.2.
2022.04.21 18:20:54 INFO  Parse release: 11.0.14.1
2022.04.21 18:20:56 INFO  time: initialize in 1.95s
2022.04.21 18:20:56 WARN  Build server is not auto-connectable.
2022.04.21 18:20:56 WARN  no build tool detected in workspace '/Users/ravila/dev/blog'. The most common cause for this problem is that the editor was opened in the wrong working directory, for example if you use sbt then the workspace directory should contain build.sbt. 
2022.04.21 18:21:01 INFO  no build target found for /Users/ravila/dev/blog/src_scala/nonConstructibleChange.worksheet.sc. Using presentation compiler with project's scala-library version: 3.1.1
2022.04.21 18:21:04 INFO  time: code lens generation in 5.3s
2022.04.21 18:21:08 INFO  no build target found for /Users/ravila/dev/blog/src_scala/nonConstructibleChange.worksheet.sc. Using presentation compiler with project's scala-library version: 3.1.1
2022.04.21 18:21:08 INFO  time: evaluated worksheet 'nonConstructibleChange.worksheet.sc' in 10s
2022.04.21 18:22:44 INFO  no build target found for /Users/ravila/dev/blog/src_scala/nonConstructibleChange.worksheet.sc. Using presentation compiler with project's scala-library version: 3.1.1
2022.04.21 18:22:44 INFO  time: evaluated worksheet 'nonConstructibleChange.worksheet.sc' in 1.52s
Apr 21, 2022 6:41:24 PM org.eclipse.lsp4j.jsonrpc.services.GenericEndpoint notify
INFO: Unsupported notification method: $/setTrace
Apr 21, 2022 7:28:48 PM org.eclipse.lsp4j.jsonrpc.services.GenericEndpoint notify
INFO: Unsupported notification method: $/setTrace
